<?xml version="1.0" encoding="UTF-8"?>
<coverage generated="1777438684705" clover="3.2.0">
  <project timestamp="1777438684706" name="All files">
    <metrics statements="19" coveredstatements="19" conditionals="8" coveredconditionals="8" methods="7" coveredmethods="7" elements="34" coveredelements="34" complexity="0" loc="19" ncloc="19" packages="1" files="2" classes="2"/>
    <file name="email.ts" path="C:\Users\jzonl\Projects\stackbyte\src\lib\email.ts">
      <metrics statements="15" coveredstatements="15" conditionals="8" coveredconditionals="8" methods="4" coveredmethods="4"/>
      <line num="20" count="7" type="cond" truecount="2" falsecount="0"/>
      <line num="21" count="7" type="stmt"/>
      <line num="42" count="3" type="stmt"/>
      <line num="44" count="3" type="cond" truecount="2" falsecount="0"/>
      <line num="45" count="1" type="stmt"/>
      <line num="48" count="2" type="stmt"/>
      <line num="62" count="4" type="stmt"/>
      <line num="64" count="4" type="cond" truecount="2" falsecount="0"/>
      <line num="65" count="1" type="stmt"/>
      <line num="68" count="3" type="stmt"/>
      <line num="70" count="2" type="stmt"/>
      <line num="71" count="2" type="stmt"/>
      <line num="73" count="2" type="stmt"/>
      <line num="81" count="2" type="cond" truecount="2" falsecount="0"/>
      <line num="82" count="1" type="stmt"/>
    </file>
    <file name="validation.ts" path="C:\Users\jzonl\Projects\stackbyte\src\lib\validation.ts">
      <metrics statements="4" coveredstatements="4" conditionals="0" coveredconditionals="0" methods="3" coveredmethods="3"/>
      <line num="4" count="1" type="stmt"/>
      <line num="31" count="13" type="stmt"/>
      <line num="41" count="2" type="stmt"/>
      <line num="42" count="3" type="stmt"/>
    </file>
  </project>
</coverage>
