{"C:\\Users\\jzonl\\Projects\\stackbyte\\src\\lib\\email.ts": {"path":"C:\\Users\\jzonl\\Projects\\stackbyte\\src\\lib\\email.ts","statementMap":{"0":{"start":{"line":20,"column":18},"end":{"line":20,"column":null}},"1":{"start":{"line":21,"column":2},"end":{"line":31,"column":null}},"2":{"start":{"line":42,"column":20},"end":{"line":42,"column":null}},"3":{"start":{"line":44,"column":2},"end":{"line":46,"column":null}},"4":{"start":{"line":45,"column":4},"end":{"line":45,"column":null}},"5":{"start":{"line":48,"column":2},"end":{"line":54,"column":null}},"6":{"start":{"line":62,"column":17},"end":{"line":62,"column":null}},"7":{"start":{"line":64,"column":2},"end":{"line":66,"column":null}},"8":{"start":{"line":65,"column":4},"end":{"line":65,"column":null}},"9":{"start":{"line":68,"column":2},"end":{"line":85,"column":null}},"10":{"start":{"line":70,"column":25},"end":{"line":70,"column":null}},"11":{"start":{"line":71,"column":21},"end":{"line":71,"column":null}},"12":{"start":{"line":73,"column":24},"end":{"line":79,"column":null}},"13":{"start":{"line":81,"column":6},"end":{"line":83,"column":null}},"14":{"start":{"line":82,"column":8},"end":{"line":82,"column":null}}},"fnMap":{"0":{"name":"buildContactEmailHtml","decl":{"start":{"line":19,"column":69},"end":{"line":19,"column":null}},"loc":{"start":{"line":19,"column":69},"end":{"line":32,"column":null}},"line":19},"1":{"name":"sendContactEmail","decl":{"start":{"line":38,"column":22},"end":{"line":38,"column":null}},"loc":{"start":{"line":41,"column":17},"end":{"line":55,"column":null}},"line":41},"2":{"name":"createResendSender","decl":{"start":{"line":61,"column":16},"end":{"line":61,"column":50}},"loc":{"start":{"line":61,"column":50},"end":{"line":86,"column":null}},"line":61},"3":{"name":"(anonymous_3)","decl":{"start":{"line":69,"column":10},"end":{"line":69,"column":15}},"loc":{"start":{"line":69,"column":53},"end":{"line":84,"column":null}},"line":69}},"branchMap":{"0":{"loc":{"start":{"line":20,"column":18},"end":{"line":20,"column":null}},"type":"cond-expr","locations":[{"start":{"line":20,"column":33},"end":{"line":20,"column":86}},{"start":{"line":20,"column":86},"end":{"line":20,"column":null}}],"line":20},"1":{"loc":{"start":{"line":44,"column":2},"end":{"line":46,"column":null}},"type":"if","locations":[{"start":{"line":44,"column":2},"end":{"line":46,"column":null}},{"start":{},"end":{}}],"line":44},"2":{"loc":{"start":{"line":64,"column":2},"end":{"line":66,"column":null}},"type":"if","locations":[{"start":{"line":64,"column":2},"end":{"line":66,"column":null}},{"start":{},"end":{}}],"line":64},"3":{"loc":{"start":{"line":81,"column":6},"end":{"line":83,"column":null}},"type":"if","locations":[{"start":{"line":81,"column":6},"end":{"line":83,"column":null}},{"start":{},"end":{}}],"line":81}},"s":{"0":7,"1":7,"2":3,"3":3,"4":1,"5":2,"6":4,"7":4,"8":1,"9":3,"10":2,"11":2,"12":2,"13":2,"14":1},"f":{"0":7,"1":3,"2":4,"3":2},"b":{"0":[6,1],"1":[1,2],"2":[1,3],"3":[1,1]},"meta":{"lastBranch":4,"lastFunction":4,"lastStatement":15,"seen":{"f:19:69:19:Infinity":0,"s:20:18:20:Infinity":0,"b:20:33:20:86:20:86:20:Infinity":0,"s:21:2:31:Infinity":1,"f:38:22:38:Infinity":1,"s:42:20:42:Infinity":2,"b:44:2:46:Infinity:undefined:undefined:undefined:undefined":1,"s:44:2:46:Infinity":3,"s:45:4:45:Infinity":4,"s:48:2:54:Infinity":5,"f:61:16:61:50":2,"s:62:17:62:Infinity":6,"b:64:2:66:Infinity:undefined:undefined:undefined:undefined":2,"s:64:2:66:Infinity":7,"s:65:4:65:Infinity":8,"s:68:2:85:Infinity":9,"f:69:10:69:15":3,"s:70:25:70:Infinity":10,"s:71:21:71:Infinity":11,"s:73:24:79:Infinity":12,"b:81:6:83:Infinity:undefined:undefined:undefined:undefined":3,"s:81:6:83:Infinity":13,"s:82:8:82:Infinity":14}}}
,"C:\\Users\\jzonl\\Projects\\stackbyte\\src\\lib\\validation.ts": {"path":"C:\\Users\\jzonl\\Projects\\stackbyte\\src\\lib\\validation.ts","statementMap":{"0":{"start":{"line":4,"column":33},"end":{"line":24,"column":null}},"1":{"start":{"line":31,"column":2},"end":{"line":31,"column":null}},"2":{"start":{"line":41,"column":2},"end":{"line":43,"column":null}},"3":{"start":{"line":42,"column":32},"end":{"line":42,"column":62}}},"fnMap":{"0":{"name":"validateContactForm","decl":{"start":{"line":30,"column":16},"end":{"line":30,"column":36}},"loc":{"start":{"line":30,"column":68},"end":{"line":32,"column":null}},"line":30},"1":{"name":"getFieldErrors","decl":{"start":{"line":38,"column":16},"end":{"line":38,"column":null}},"loc":{"start":{"line":40,"column":50},"end":{"line":44,"column":null}},"line":40},"2":{"name":"(anonymous_2)","decl":{"start":{"line":42,"column":21},"end":{"line":42,"column":22}},"loc":{"start":{"line":42,"column":32},"end":{"line":42,"column":62}},"line":42}},"branchMap":{},"s":{"0":1,"1":13,"2":2,"3":3},"f":{"0":13,"1":2,"2":3},"b":{},"meta":{"lastBranch":0,"lastFunction":3,"lastStatement":4,"seen":{"s:4:33:24:Infinity":0,"f:30:16:30:36":0,"s:31:2:31:Infinity":1,"f:38:16:38:Infinity":1,"s:41:2:43:Infinity":2,"f:42:21:42:22":2,"s:42:32:42:62":3}}}
}
